<?xml version="1.0" encoding="UTF-8"?>
<testng-results skipped="0" failed="0" ignored="0" total="1" passed="1">
  <reporter-output>
  </reporter-output>
  <suite name="Default suite" duration-ms="9483" started-at="2019-05-20T15:43:47Z" finished-at="2019-05-20T15:43:57Z">
    <groups>
    </groups>
    <test name="Default test" duration-ms="9483" started-at="2019-05-20T15:43:47Z" finished-at="2019-05-20T15:43:57Z">
      <class name="com.testng.test.OpenTest">
        <test-method status="PASS" signature="beforeTest()[pri:0, instance:com.testng.test.OpenTest@42d8062c]" name="beforeTest" is-config="true" duration-ms="9" started-at="2019-05-20T15:43:47Z" finished-at="2019-05-20T15:43:47Z">
          <reporter-output>
          </reporter-output>
        </test-method> <!-- beforeTest -->
        <test-method status="PASS" signature="openBrowser()[pri:0, instance:com.testng.test.OpenTest@42d8062c]" name="openBrowser" duration-ms="8324" started-at="2019-05-20T15:43:47Z" finished-at="2019-05-20T15:43:56Z">
          <reporter-output>
          </reporter-output>
        </test-method> <!-- openBrowser -->
        <test-method status="PASS" signature="beforeMethod()[pri:0, instance:com.testng.test.OpenTest@42d8062c]" name="beforeMethod" is-config="true" duration-ms="0" started-at="2019-05-20T15:43:47Z" finished-at="2019-05-20T15:43:47Z">
          <reporter-output>
          </reporter-output>
        </test-method> <!-- beforeMethod -->
        <test-method status="PASS" signature="afterMethod()[pri:0, instance:com.testng.test.OpenTest@42d8062c]" name="afterMethod" is-config="true" duration-ms="1132" started-at="2019-05-20T15:43:56Z" finished-at="2019-05-20T15:43:57Z">
          <reporter-output>
          </reporter-output>
        </test-method> <!-- afterMethod -->
        <test-method status="PASS" signature="afterTest()[pri:0, instance:com.testng.test.OpenTest@42d8062c]" name="afterTest" is-config="true" duration-ms="0" started-at="2019-05-20T15:43:57Z" finished-at="2019-05-20T15:43:57Z">
          <reporter-output>
          </reporter-output>
        </test-method> <!-- afterTest -->
      </class> <!-- com.testng.test.OpenTest -->
    </test> <!-- Default test -->
  </suite> <!-- Default suite -->
</testng-results>
