<?xml version="1.0" encoding="UTF-8"?>
<!-- Generated by org.testng.reporters.JUnitXMLReporter -->
<testsuite hostname="DEEP-1808222042" ignored="0" name="Test" tests="3" failures="0" timestamp="10 五月 2019 15:29:32 GMT" time="32.847" errors="0">
  <testcase name="f" time="5.143" classname="com.testng.test.NoticeExpand"/>
  <testcase name="openBrowser" time="8.665" classname="com.testng.test.OpenTest"/>
  <testcase name="f" time="4.242" classname="com.testng.test.OpenOA"/>
</testsuite> <!-- Test -->
